2013/10/31 14:26:37 [error] [php] include(WebUser.php): failed to open stream: No such file or directory (C:\wamp\www\bookmyticket\framework\YiiBase.php:427)
Stack trace:
#0 C:\wamp\www\bookmyticket\framework\YiiBase.php(196): import()
#1 C:\wamp\www\bookmyticket\framework\base\CModule.php(386): createComponent()
#2 C:\wamp\www\bookmyticket\framework\base\CModule.php(103): CWebApplication->getComponent()
#3 C:\wamp\www\bookmyticket\protected\views\layouts\main.php(35): CWebApplication->__get()
#4 C:\wamp\www\bookmyticket\framework\web\CBaseController.php(126): require()
#5 C:\wamp\www\bookmyticket\framework\web\CBaseController.php(95): SiteController->renderInternal()
#6 C:\wamp\www\bookmyticket\framework\web\widgets\CContentDecorator.php(76): SiteController->renderFile()
#7 C:\wamp\www\bookmyticket\framework\web\widgets\CContentDecorator.php(54): CContentDecorator->decorate()
#8 C:\wamp\www\bookmyticket\framework\web\widgets\COutputProcessor.php(44): CContentDecorator->processOutput()
#9 C:\wamp\www\bookmyticket\framework\web\CBaseController.php(206): CContentDecorator->run()
#10 C:\wamp\www\bookmyticket\framework\web\CBaseController.php(300): SiteController->endWidget()
#11 C:\wamp\www\bookmyticket\protected\views\layouts\column1.php(6): SiteController->endContent()
#12 C:\wamp\www\bookmyticket\framework\web\CBaseController.php(126): require()
#13 C:\wamp\www\bookmyticket\framework\web\CBaseController.php(95): SiteController->renderInternal()
#14 C:\wamp\www\bookmyticket\framework\web\CController.php(784): SiteController->renderFile()
#15 C:\wamp\www\bookmyticket\protected\controllers\SiteController.php(32): SiteController->render()
#16 C:\wamp\www\bookmyticket\framework\web\actions\CInlineAction.php(49): SiteController->actionIndex()
#17 C:\wamp\www\bookmyticket\framework\web\CController.php(308): CInlineAction->runWithParams()
#18 C:\wamp\www\bookmyticket\framework\web\CController.php(286): SiteController->runAction()
#19 C:\wamp\www\bookmyticket\framework\web\CController.php(265): SiteController->runActionWithFilters()
#20 C:\wamp\www\bookmyticket\framework\web\CWebApplication.php(282): SiteController->run()
#21 C:\wamp\www\bookmyticket\framework\web\CWebApplication.php(141): CWebApplication->runController()
#22 C:\wamp\www\bookmyticket\framework\base\CApplication.php(180): CWebApplication->processRequest()
#23 C:\wamp\www\bookmyticket\index.php(13): CWebApplication->run()
REQUEST_URI=/bookmyticket/
in C:\wamp\www\bookmyticket\protected\views\layouts\main.php (35)
in C:\wamp\www\bookmyticket\protected\views\layouts\column1.php (6)
in C:\wamp\www\bookmyticket\protected\controllers\SiteController.php (32)
2013/10/31 14:32:24 [error] [exception.CException] exception 'CException' with message 'WebUser and its behaviors do not have a method or closure named "getprofile_link".' in C:\wamp\www\bookmyticket\framework\base\CComponent.php:266
Stack trace:
#0 C:\wamp\www\bookmyticket\themes\hebo\views\layouts\tpl_navigation.php(41): CComponent->__call('getprofile_link', Array)
#1 C:\wamp\www\bookmyticket\themes\hebo\views\layouts\tpl_navigation.php(41): WebUser->getprofile_link()
#2 C:\wamp\www\bookmyticket\themes\hebo\views\layouts\main.php(4): require_once('C:\wamp\www\boo...')
#3 C:\wamp\www\bookmyticket\framework\web\CBaseController.php(126): require('C:\wamp\www\boo...')
#4 C:\wamp\www\bookmyticket\framework\web\CBaseController.php(95): CBaseController->renderInternal('C:\wamp\www\boo...', Array, true)
#5 C:\wamp\www\bookmyticket\framework\web\widgets\CContentDecorator.php(76): CBaseController->renderFile('C:\wamp\www\boo...', Array, true)
#6 C:\wamp\www\bookmyticket\framework\web\widgets\CContentDecorator.php(54): CContentDecorator->decorate('<section class=...')
#7 C:\wamp\www\bookmyticket\framework\web\widgets\COutputProcessor.php(44): CContentDecorator->processOutput('<section class=...')
#8 C:\wamp\www\bookmyticket\framework\web\CBaseController.php(206): COutputProcessor->run()
#9 C:\wamp\www\bookmyticket\framework\web\CBaseController.php(300): CBaseController->endWidget('CContentDecorat...')
#10 C:\wamp\www\bookmyticket\themes\hebo\views\layouts\column1.php(12): CBaseController->endContent()
#11 C:\wamp\www\bookmyticket\framework\web\CBaseController.php(126): require('C:\wamp\www\boo...')
#12 C:\wamp\www\bookmyticket\framework\web\CBaseController.php(95): CBaseController->renderInternal('C:\wamp\www\boo...', Array, true)
#13 C:\wamp\www\bookmyticket\framework\web\CController.php(784): CBaseController->renderFile('C:\wamp\www\boo...', Array, true)
#14 C:\wamp\www\bookmyticket\protected\controllers\SiteController.php(32): CController->render('index')
#15 C:\wamp\www\bookmyticket\framework\web\actions\CInlineAction.php(49): SiteController->actionIndex()
#16 C:\wamp\www\bookmyticket\framework\web\CController.php(308): CInlineAction->runWithParams(Array)
#17 C:\wamp\www\bookmyticket\framework\web\CController.php(286): CController->runAction(Object(CInlineAction))
#18 C:\wamp\www\bookmyticket\framework\web\CController.php(265): CController->runActionWithFilters(Object(CInlineAction), Array)
#19 C:\wamp\www\bookmyticket\framework\web\CWebApplication.php(282): CController->run('')
#20 C:\wamp\www\bookmyticket\framework\web\CWebApplication.php(141): CWebApplication->runController('')
#21 C:\wamp\www\bookmyticket\framework\base\CApplication.php(180): CWebApplication->processRequest()
#22 C:\wamp\www\bookmyticket\index.php(13): CApplication->run()
#23 {main}
REQUEST_URI=/bookmyticket/
HTTP_REFERER=http://localhost/
---
2013/10/31 15:15:41 [error] [exception.CException] exception 'CException' with message 'CWebApplication and its behaviors do not have a method or closure named "format".' in C:\wamp\www\bookmyticket\framework\base\CComponent.php:266
Stack trace:
#0 C:\wamp\www\bookmyticket\themes\hebo\views\layouts\tpl_footer.php(34): CComponent->__call('format', Array)
#1 C:\wamp\www\bookmyticket\themes\hebo\views\layouts\tpl_footer.php(34): CWebApplication->format()
#2 C:\wamp\www\bookmyticket\themes\hebo\views\layouts\main.php(10): require_once('C:\wamp\www\boo...')
#3 C:\wamp\www\bookmyticket\framework\web\CBaseController.php(126): require('C:\wamp\www\boo...')
#4 C:\wamp\www\bookmyticket\framework\web\CBaseController.php(95): CBaseController->renderInternal('C:\wamp\www\boo...', Array, true)
#5 C:\wamp\www\bookmyticket\framework\web\widgets\CContentDecorator.php(76): CBaseController->renderFile('C:\wamp\www\boo...', Array, true)
#6 C:\wamp\www\bookmyticket\framework\web\widgets\CContentDecorator.php(54): CContentDecorator->decorate('<section class=...')
#7 C:\wamp\www\bookmyticket\framework\web\widgets\COutputProcessor.php(44): CContentDecorator->processOutput('<section class=...')
#8 C:\wamp\www\bookmyticket\framework\web\CBaseController.php(206): COutputProcessor->run()
#9 C:\wamp\www\bookmyticket\framework\web\CBaseController.php(300): CBaseController->endWidget('CContentDecorat...')
#10 C:\wamp\www\bookmyticket\themes\hebo\views\layouts\column1.php(12): CBaseController->endContent()
#11 C:\wamp\www\bookmyticket\framework\web\CBaseController.php(126): require('C:\wamp\www\boo...')
#12 C:\wamp\www\bookmyticket\framework\web\CBaseController.php(95): CBaseController->renderInternal('C:\wamp\www\boo...', Array, true)
#13 C:\wamp\www\bookmyticket\framework\web\CController.php(784): CBaseController->renderFile('C:\wamp\www\boo...', Array, true)
#14 C:\wamp\www\bookmyticket\protected\controllers\SiteController.php(32): CController->render('index')
#15 C:\wamp\www\bookmyticket\framework\web\actions\CInlineAction.php(49): SiteController->actionIndex()
#16 C:\wamp\www\bookmyticket\framework\web\CController.php(308): CInlineAction->runWithParams(Array)
#17 C:\wamp\www\bookmyticket\framework\web\CController.php(286): CController->runAction(Object(CInlineAction))
#18 C:\wamp\www\bookmyticket\framework\web\CController.php(265): CController->runActionWithFilters(Object(CInlineAction), Array)
#19 C:\wamp\www\bookmyticket\framework\web\CWebApplication.php(282): CController->run('')
#20 C:\wamp\www\bookmyticket\framework\web\CWebApplication.php(141): CWebApplication->runController('')
#21 C:\wamp\www\bookmyticket\framework\base\CApplication.php(180): CWebApplication->processRequest()
#22 C:\wamp\www\bookmyticket\index.php(13): CApplication->run()
#23 {main}
REQUEST_URI=/bookmyticket/
HTTP_REFERER=http://localhost/bookmyticket/
---
2013/10/31 15:15:59 [error] [exception.CException] exception 'CException' with message 'CWebApplication and its behaviors do not have a method or closure named "formatUrl".' in C:\wamp\www\bookmyticket\framework\base\CComponent.php:266
Stack trace:
#0 C:\wamp\www\bookmyticket\themes\hebo\views\layouts\tpl_footer.php(34): CComponent->__call('formatUrl', Array)
#1 C:\wamp\www\bookmyticket\themes\hebo\views\layouts\tpl_footer.php(34): CWebApplication->formatUrl('kunaldethe.in')
#2 C:\wamp\www\bookmyticket\themes\hebo\views\layouts\main.php(10): require_once('C:\wamp\www\boo...')
#3 C:\wamp\www\bookmyticket\framework\web\CBaseController.php(126): require('C:\wamp\www\boo...')
#4 C:\wamp\www\bookmyticket\framework\web\CBaseController.php(95): CBaseController->renderInternal('C:\wamp\www\boo...', Array, true)
#5 C:\wamp\www\bookmyticket\framework\web\widgets\CContentDecorator.php(76): CBaseController->renderFile('C:\wamp\www\boo...', Array, true)
#6 C:\wamp\www\bookmyticket\framework\web\widgets\CContentDecorator.php(54): CContentDecorator->decorate('<section class=...')
#7 C:\wamp\www\bookmyticket\framework\web\widgets\COutputProcessor.php(44): CContentDecorator->processOutput('<section class=...')
#8 C:\wamp\www\bookmyticket\framework\web\CBaseController.php(206): COutputProcessor->run()
#9 C:\wamp\www\bookmyticket\framework\web\CBaseController.php(300): CBaseController->endWidget('CContentDecorat...')
#10 C:\wamp\www\bookmyticket\themes\hebo\views\layouts\column1.php(12): CBaseController->endContent()
#11 C:\wamp\www\bookmyticket\framework\web\CBaseController.php(126): require('C:\wamp\www\boo...')
#12 C:\wamp\www\bookmyticket\framework\web\CBaseController.php(95): CBaseController->renderInternal('C:\wamp\www\boo...', Array, true)
#13 C:\wamp\www\bookmyticket\framework\web\CController.php(784): CBaseController->renderFile('C:\wamp\www\boo...', Array, true)
#14 C:\wamp\www\bookmyticket\protected\controllers\SiteController.php(32): CController->render('index')
#15 C:\wamp\www\bookmyticket\framework\web\actions\CInlineAction.php(49): SiteController->actionIndex()
#16 C:\wamp\www\bookmyticket\framework\web\CController.php(308): CInlineAction->runWithParams(Array)
#17 C:\wamp\www\bookmyticket\framework\web\CController.php(286): CController->runAction(Object(CInlineAction))
#18 C:\wamp\www\bookmyticket\framework\web\CController.php(265): CController->runActionWithFilters(Object(CInlineAction), Array)
#19 C:\wamp\www\bookmyticket\framework\web\CWebApplication.php(282): CController->run('')
#20 C:\wamp\www\bookmyticket\framework\web\CWebApplication.php(141): CWebApplication->runController('')
#21 C:\wamp\www\bookmyticket\framework\base\CApplication.php(180): CWebApplication->processRequest()
#22 C:\wamp\www\bookmyticket\index.php(13): CApplication->run()
#23 {main}
REQUEST_URI=/bookmyticket/
HTTP_REFERER=http://localhost/bookmyticket/
---
2013/10/31 15:16:07 [error] [exception.CException] exception 'CException' with message 'WebUser and its behaviors do not have a method or closure named "formatUrl".' in C:\wamp\www\bookmyticket\framework\base\CComponent.php:266
Stack trace:
#0 C:\wamp\www\bookmyticket\themes\hebo\views\layouts\tpl_footer.php(34): CComponent->__call('formatUrl', Array)
#1 C:\wamp\www\bookmyticket\themes\hebo\views\layouts\tpl_footer.php(34): WebUser->formatUrl('kunaldethe.in')
#2 C:\wamp\www\bookmyticket\themes\hebo\views\layouts\main.php(10): require_once('C:\wamp\www\boo...')
#3 C:\wamp\www\bookmyticket\framework\web\CBaseController.php(126): require('C:\wamp\www\boo...')
#4 C:\wamp\www\bookmyticket\framework\web\CBaseController.php(95): CBaseController->renderInternal('C:\wamp\www\boo...', Array, true)
#5 C:\wamp\www\bookmyticket\framework\web\widgets\CContentDecorator.php(76): CBaseController->renderFile('C:\wamp\www\boo...', Array, true)
#6 C:\wamp\www\bookmyticket\framework\web\widgets\CContentDecorator.php(54): CContentDecorator->decorate('<section class=...')
#7 C:\wamp\www\bookmyticket\framework\web\widgets\COutputProcessor.php(44): CContentDecorator->processOutput('<section class=...')
#8 C:\wamp\www\bookmyticket\framework\web\CBaseController.php(206): COutputProcessor->run()
#9 C:\wamp\www\bookmyticket\framework\web\CBaseController.php(300): CBaseController->endWidget('CContentDecorat...')
#10 C:\wamp\www\bookmyticket\themes\hebo\views\layouts\column1.php(12): CBaseController->endContent()
#11 C:\wamp\www\bookmyticket\framework\web\CBaseController.php(126): require('C:\wamp\www\boo...')
#12 C:\wamp\www\bookmyticket\framework\web\CBaseController.php(95): CBaseController->renderInternal('C:\wamp\www\boo...', Array, true)
#13 C:\wamp\www\bookmyticket\framework\web\CController.php(784): CBaseController->renderFile('C:\wamp\www\boo...', Array, true)
#14 C:\wamp\www\bookmyticket\protected\controllers\SiteController.php(32): CController->render('index')
#15 C:\wamp\www\bookmyticket\framework\web\actions\CInlineAction.php(49): SiteController->actionIndex()
#16 C:\wamp\www\bookmyticket\framework\web\CController.php(308): CInlineAction->runWithParams(Array)
#17 C:\wamp\www\bookmyticket\framework\web\CController.php(286): CController->runAction(Object(CInlineAction))
#18 C:\wamp\www\bookmyticket\framework\web\CController.php(265): CController->runActionWithFilters(Object(CInlineAction), Array)
#19 C:\wamp\www\bookmyticket\framework\web\CWebApplication.php(282): CController->run('')
#20 C:\wamp\www\bookmyticket\framework\web\CWebApplication.php(141): CWebApplication->runController('')
#21 C:\wamp\www\bookmyticket\framework\base\CApplication.php(180): CWebApplication->processRequest()
#22 C:\wamp\www\bookmyticket\index.php(13): CApplication->run()
#23 {main}
REQUEST_URI=/bookmyticket/
HTTP_REFERER=http://localhost/bookmyticket/
---
